2022.09.18 09:58:01 INFO  tracing is disabled for protocol LSP, to enable tracing of incoming and outgoing JSON messages create an empty file at e:\2nd year\SCS-2204\tutorials\tute8\.metals\lsp.trace.json or C:\Users\Acer\AppData\Local\scalameta\metals\cache\lsp.trace.json
2022.09.18 09:58:03 INFO  logging to file E:\2nd year\SCS-2204\tutorials\tute8\.metals\metals.log
2022.09.18 09:58:03 INFO  Started: Metals version 0.11.8 in workspace 'E:\2nd year\SCS-2204\tutorials\tute8' for client Visual Studio Code 1.71.1.
2022.09.18 09:58:05 WARN  Flyway upgrade recommended: H2 2.1.214 is newer than this version of Flyway and support has not been tested. The latest supported version of H2 is 2.1.210.
2022.09.18 09:58:06 INFO  time: initialize in 2.98s
2022.09.18 09:58:06 WARN  Build server is not auto-connectable.
2022.09.18 09:58:06 WARN  no build tool detected in workspace 'E:\2nd year\SCS-2204\tutorials\tute8'. The most common cause for this problem is that the editor was opened in the wrong working directory, for example if you use sbt then the workspace directory should contain build.sbt. 
2022.09.18 09:58:06 WARN  no build target for: E:\2nd year\SCS-2204\tutorials\tute8\Q1.scala
Sep 18, 2022 9:58:07 AM org.eclipse.lsp4j.jsonrpc.RemoteEndpoint fallbackResponseError
SEVERE: Internal error: java.lang.ArrayIndexOutOfBoundsException: 770
java.util.concurrent.CompletionException: java.lang.ArrayIndexOutOfBoundsException: 770
	at java.util.concurrent.CompletableFuture.encodeThrowable(CompletableFuture.java:292)
	at java.util.concurrent.CompletableFuture.completeThrowable(CompletableFuture.java:308)
	at java.util.concurrent.CompletableFuture.uniAccept(CompletableFuture.java:661)
	at java.util.concurrent.CompletableFuture$UniAccept.tryFire(CompletableFuture.java:646)
	at java.util.concurrent.CompletableFuture.postComplete(CompletableFuture.java:488)
	at java.util.concurrent.CompletableFuture.completeExceptionally(CompletableFuture.java:1990)
	at scala.meta.internal.metals.CancelTokens$.$anonfun$future$1(CancelTokens.scala:40)
	at scala.meta.internal.metals.CancelTokens$.$anonfun$future$1$adapted(CancelTokens.scala:38)
	at scala.concurrent.impl.Promise$Transformation.run(Promise.scala:484)
	at java.util.concurrent.ThreadPoolExecutor.runWorker(ThreadPoolExecutor.java:1149)
	at java.util.concurrent.ThreadPoolExecutor$Worker.run(ThreadPoolExecutor.java:624)
	at java.lang.Thread.run(Thread.java:748)
Caused by: java.lang.ArrayIndexOutOfBoundsException: 770
	at scala.meta.internal.parsing.FoldingRangeExtractor$Foldable$.isScala3BlockWithoutOptionalBraces(FoldingRangeExtractor.scala:248)
	at scala.meta.internal.parsing.FoldingRangeExtractor$Foldable$.unapply(FoldingRangeExtractor.scala:199)
	at scala.meta.internal.parsing.FoldingRangeExtractor.extractFrom(FoldingRangeExtractor.scala:36)
	at scala.meta.internal.parsing.FoldingRangeExtractor.$anonfun$extractFrom$2(FoldingRangeExtractor.scala:56)
	at scala.meta.internal.parsing.FoldingRangeExtractor.$anonfun$extractFrom$2$adapted(FoldingRangeExtractor.scala:51)
	at scala.collection.immutable.List.foreach(List.scala:333)
	at scala.meta.internal.parsing.FoldingRangeExtractor.extractFrom(FoldingRangeExtractor.scala:51)
	at scala.meta.internal.parsing.FoldingRangeExtractor.$anonfun$extractFrom$2(FoldingRangeExtractor.scala:56)
	at scala.meta.internal.parsing.FoldingRangeExtractor.$anonfun$extractFrom$2$adapted(FoldingRangeExtractor.scala:51)
	at scala.collection.immutable.List.foreach(List.scala:333)
	at scala.meta.internal.parsing.FoldingRangeExtractor.extractFrom(FoldingRangeExtractor.scala:51)
	at scala.meta.internal.parsing.FoldingRangeExtractor.extract(FoldingRangeExtractor.scala:29)
	at scala.meta.internal.parsing.FoldingRangeProvider.$anonfun$getRangedForScala$3(FoldingRangeProvider.scala:40)
	at scala.Option.map(Option.scala:242)
	at scala.meta.internal.parsing.FoldingRangeProvider.$anonfun$getRangedForScala$2(FoldingRangeProvider.scala:33)
	at scala.Option$WithFilter.flatMap(Option.scala:283)
	at scala.meta.internal.parsing.FoldingRangeProvider.getRangedForScala(FoldingRangeProvider.scala:31)
	at scala.meta.internal.metals.MetalsLanguageServer.$anonfun$foldingRange$2(MetalsLanguageServer.scala:1705)
	at scala.concurrent.impl.Promise$Transformation.run(Promise.scala:467)
	... 3 more

2022.09.18 09:58:13 INFO  no build target found for E:\2nd year\SCS-2204\tutorials\tute8\Q1.scala. Using presentation compiler with project's scala-library version: 3.1.3
2022.09.18 09:58:15 INFO  time: code lens generation in 8.15s
Sep 18, 2022 10:00:36 AM org.eclipse.lsp4j.jsonrpc.RemoteEndpoint fallbackResponseError
SEVERE: Internal error: java.lang.ArrayIndexOutOfBoundsException: 766
java.util.concurrent.CompletionException: java.lang.ArrayIndexOutOfBoundsException: 766
	at java.util.concurrent.CompletableFuture.encodeThrowable(CompletableFuture.java:292)
	at java.util.concurrent.CompletableFuture.completeThrowable(CompletableFuture.java:308)
	at java.util.concurrent.CompletableFuture.uniAccept(CompletableFuture.java:661)
	at java.util.concurrent.CompletableFuture$UniAccept.tryFire(CompletableFuture.java:646)
	at java.util.concurrent.CompletableFuture.postComplete(CompletableFuture.java:488)
	at java.util.concurrent.CompletableFuture.completeExceptionally(CompletableFuture.java:1990)
	at scala.meta.internal.metals.CancelTokens$.$anonfun$future$1(CancelTokens.scala:40)
	at scala.meta.internal.metals.CancelTokens$.$anonfun$future$1$adapted(CancelTokens.scala:38)
	at scala.concurrent.impl.Promise$Transformation.run(Promise.scala:484)
	at java.util.concurrent.ThreadPoolExecutor.runWorker(ThreadPoolExecutor.java:1149)
	at java.util.concurrent.ThreadPoolExecutor$Worker.run(ThreadPoolExecutor.java:624)
	at java.lang.Thread.run(Thread.java:748)
Caused by: java.lang.ArrayIndexOutOfBoundsException: 766
	at scala.meta.internal.parsing.FoldingRangeExtractor$Foldable$.isScala3BlockWithoutOptionalBraces(FoldingRangeExtractor.scala:248)
	at scala.meta.internal.parsing.FoldingRangeExtractor$Foldable$.unapply(FoldingRangeExtractor.scala:199)
	at scala.meta.internal.parsing.FoldingRangeExtractor.extractFrom(FoldingRangeExtractor.scala:36)
	at scala.meta.internal.parsing.FoldingRangeExtractor.$anonfun$extractFrom$2(FoldingRangeExtractor.scala:56)
	at scala.meta.internal.parsing.FoldingRangeExtractor.$anonfun$extractFrom$2$adapted(FoldingRangeExtractor.scala:51)
	at scala.collection.immutable.List.foreach(List.scala:333)
	at scala.meta.internal.parsing.FoldingRangeExtractor.extractFrom(FoldingRangeExtractor.scala:51)
	at scala.meta.internal.parsing.FoldingRangeExtractor.$anonfun$extractFrom$2(FoldingRangeExtractor.scala:56)
	at scala.meta.internal.parsing.FoldingRangeExtractor.$anonfun$extractFrom$2$adapted(FoldingRangeExtractor.scala:51)
	at scala.collection.immutable.List.foreach(List.scala:333)
	at scala.meta.internal.parsing.FoldingRangeExtractor.extractFrom(FoldingRangeExtractor.scala:51)
	at scala.meta.internal.parsing.FoldingRangeExtractor.extract(FoldingRangeExtractor.scala:29)
	at scala.meta.internal.parsing.FoldingRangeProvider.$anonfun$getRangedForScala$3(FoldingRangeProvider.scala:40)
	at scala.Option.map(Option.scala:242)
	at scala.meta.internal.parsing.FoldingRangeProvider.$anonfun$getRangedForScala$2(FoldingRangeProvider.scala:33)
	at scala.Option$WithFilter.flatMap(Option.scala:283)
	at scala.meta.internal.parsing.FoldingRangeProvider.getRangedForScala(FoldingRangeProvider.scala:31)
	at scala.meta.internal.metals.MetalsLanguageServer.$anonfun$foldingRange$2(MetalsLanguageServer.scala:1705)
	at scala.concurrent.impl.Promise$Transformation.run(Promise.scala:467)
	... 3 more

Sep 18, 2022 10:00:37 AM org.eclipse.lsp4j.jsonrpc.RemoteEndpoint fallbackResponseError
SEVERE: Internal error: java.lang.ArrayIndexOutOfBoundsException: 767
java.util.concurrent.CompletionException: java.lang.ArrayIndexOutOfBoundsException: 767
	at java.util.concurrent.CompletableFuture.encodeThrowable(CompletableFuture.java:292)
	at java.util.concurrent.CompletableFuture.completeThrowable(CompletableFuture.java:308)
	at java.util.concurrent.CompletableFuture.uniAccept(CompletableFuture.java:661)
	at java.util.concurrent.CompletableFuture$UniAccept.tryFire(CompletableFuture.java:646)
	at java.util.concurrent.CompletableFuture.postComplete(CompletableFuture.java:488)
	at java.util.concurrent.CompletableFuture.completeExceptionally(CompletableFuture.java:1990)
	at scala.meta.internal.metals.CancelTokens$.$anonfun$future$1(CancelTokens.scala:40)
	at scala.meta.internal.metals.CancelTokens$.$anonfun$future$1$adapted(CancelTokens.scala:38)
	at scala.concurrent.impl.Promise$Transformation.run(Promise.scala:484)
	at java.util.concurrent.ThreadPoolExecutor.runWorker(ThreadPoolExecutor.java:1149)
	at java.util.concurrent.ThreadPoolExecutor$Worker.run(ThreadPoolExecutor.java:624)
	at java.lang.Thread.run(Thread.java:748)
Caused by: java.lang.ArrayIndexOutOfBoundsException: 767
	at scala.meta.internal.parsing.FoldingRangeExtractor$Foldable$.isScala3BlockWithoutOptionalBraces(FoldingRangeExtractor.scala:248)
	at scala.meta.internal.parsing.FoldingRangeExtractor$Foldable$.unapply(FoldingRangeExtractor.scala:199)
	at scala.meta.internal.parsing.FoldingRangeExtractor.extractFrom(FoldingRangeExtractor.scala:36)
	at scala.meta.internal.parsing.FoldingRangeExtractor.$anonfun$extractFrom$2(FoldingRangeExtractor.scala:56)
	at scala.meta.internal.parsing.FoldingRangeExtractor.$anonfun$extractFrom$2$adapted(FoldingRangeExtractor.scala:51)
	at scala.collection.immutable.List.foreach(List.scala:333)
	at scala.meta.internal.parsing.FoldingRangeExtractor.extractFrom(FoldingRangeExtractor.scala:51)
	at scala.meta.internal.parsing.FoldingRangeExtractor.$anonfun$extractFrom$2(FoldingRangeExtractor.scala:56)
	at scala.meta.internal.parsing.FoldingRangeExtractor.$anonfun$extractFrom$2$adapted(FoldingRangeExtractor.scala:51)
	at scala.collection.immutable.List.foreach(List.scala:333)
	at scala.meta.internal.parsing.FoldingRangeExtractor.extractFrom(FoldingRangeExtractor.scala:51)
	at scala.meta.internal.parsing.FoldingRangeExtractor.extract(FoldingRangeExtractor.scala:29)
	at scala.meta.internal.parsing.FoldingRangeProvider.$anonfun$getRangedForScala$3(FoldingRangeProvider.scala:40)
	at scala.Option.map(Option.scala:242)
	at scala.meta.internal.parsing.FoldingRangeProvider.$anonfun$getRangedForScala$2(FoldingRangeProvider.scala:33)
	at scala.Option$WithFilter.flatMap(Option.scala:283)
	at scala.meta.internal.parsing.FoldingRangeProvider.getRangedForScala(FoldingRangeProvider.scala:31)
	at scala.meta.internal.metals.MetalsLanguageServer.$anonfun$foldingRange$2(MetalsLanguageServer.scala:1705)
	at scala.concurrent.impl.Promise$Transformation.run(Promise.scala:467)
	... 3 more

2022.09.18 10:00:46 WARN  no build target for: E:\2nd year\SCS-2204\tutorials\tute8\Q1.scala
2022.09.18 10:12:41 INFO  shutting down Metals
2022.09.19 20:37:19 INFO  tracing is disabled for protocol LSP, to enable tracing of incoming and outgoing JSON messages create an empty file at e:\2nd year\SCS-2204\tutorials\tute8\.metals\lsp.trace.json or C:\Users\Acer\AppData\Local\scalameta\metals\cache\lsp.trace.json
2022.09.19 20:37:20 INFO  logging to file E:\2nd year\SCS-2204\tutorials\tute8\.metals\metals.log
2022.09.19 20:37:20 INFO  Started: Metals version 0.11.8 in workspace 'E:\2nd year\SCS-2204\tutorials\tute8' for client Visual Studio Code 1.71.2.
2022.09.19 20:37:21 WARN  Flyway upgrade recommended: H2 2.1.214 is newer than this version of Flyway and support has not been tested. The latest supported version of H2 is 2.1.210.
2022.09.19 20:37:22 INFO  time: initialize in 1.6s
2022.09.19 20:37:22 WARN  Build server is not auto-connectable.
2022.09.19 20:37:22 WARN  no build tool detected in workspace 'E:\2nd year\SCS-2204\tutorials\tute8'. The most common cause for this problem is that the editor was opened in the wrong working directory, for example if you use sbt then the workspace directory should contain build.sbt. 
2022.09.19 20:37:21 WARN  no build target for: E:\2nd year\SCS-2204\tutorials\tute8\oint.scala
2022.09.19 20:37:29 INFO  no build target found for E:\2nd year\SCS-2204\tutorials\tute8\oint.scala. Using presentation compiler with project's scala-library version: 3.1.3
Sep 19, 2022 8:37:29 PM org.eclipse.lsp4j.jsonrpc.RemoteEndpoint handleCancellation
WARNING: Unmatched cancel notification for request id 3
Sep 19, 2022 8:37:29 PM org.eclipse.lsp4j.jsonrpc.RemoteEndpoint handleCancellation
WARNING: Unmatched cancel notification for request id 7
2022.09.19 20:37:31 INFO  time: code lens generation in 1.98s
2022.09.19 20:37:37 WARN  no build target for: E:\2nd year\SCS-2204\tutorials\tute8\Point.scala
2022.09.19 20:37:37 WARN  no build target for: E:\2nd year\SCS-2204\tutorials\tute8\Point.scala
2022.09.19 20:38:26 WARN  no build target for: E:\2nd year\SCS-2204\tutorials\tute8\Q1.scala
2022.09.19 20:38:52 WARN  no build target for: E:\2nd year\SCS-2204\tutorials\tute8\Point.scala
2022.09.19 20:39:08 WARN  no build target for: E:\2nd year\SCS-2204\tutorials\tute8\Q1.scala
2022.09.19 20:39:14 WARN  no build target for: E:\2nd year\SCS-2204\tutorials\tute8\Point.scala
2022.09.19 20:39:37 WARN  no build target for: E:\2nd year\SCS-2204\tutorials\tute8\Q1.scala
Sep 19, 2022 8:39:49 PM org.eclipse.lsp4j.jsonrpc.RemoteEndpoint handleCancellation
WARNING: Unmatched cancel notification for request id 69
2022.09.19 20:49:58 WARN  no build target for: E:\2nd year\SCS-2204\tutorials\tute8\Q1.scala
